
2024-03-06 16:43:03	DEBUG	Valor de objeto string puesto \n
2024-03-06 16:43:03	DEBUG	Valor de objeto string puesto \n
2024-03-06 16:43:03	DEBUG	Valor de objeto string puesto \n
2024-03-06 16:43:03	DEBUG	Valor de objeto string puesto \n
2024-03-06 16:43:03	DEBUG	Valor de objeto string puesto \n
2024-03-06 16:43:03	DEBUG	Valor de objeto string puesto \n
2024-03-06 16:43:03	DEBUG	Valor de objeto string puesto \n
2024-03-06 16:43:03	DEBUG	Valor de objeto string puesto \n
2024-03-06 16:43:03	DEBUG	Valor de objeto string puesto \n
2024-03-06 16:43:03	INFO	Guardado objeto con id: \n
2024-03-06 16:43:03	DEBUG	Valor de objeto string puesto \n
2024-03-06 16:43:03	DEBUG	Valor de objeto string puesto \n
2024-03-06 16:43:03	DEBUG	Valor de objeto string puesto \n
2024-03-06 16:43:03	DEBUG	Valor de objeto string puesto \n
2024-03-06 16:43:03	DEBUG	Valor de objeto string puesto \n
2024-03-06 16:43:03	DEBUG	Valor de objeto string puesto \n
2024-03-06 16:43:03	DEBUG	Valor de objeto string puesto \n
2024-03-06 16:43:03	DEBUG	Valor de objeto string puesto \n
2024-03-06 16:43:03	DEBUG	Valor de objeto string puesto \n
2024-03-06 16:43:03	INFO	Guardado objeto con id: \n
2024-03-06 16:43:03	DEBUG	Valor de objeto string puesto \n
2024-03-06 16:43:03	DEBUG	Valor de objeto string puesto \n
2024-03-06 16:43:03	DEBUG	Valor de objeto string puesto \n
2024-03-06 16:43:03	DEBUG	Valor de objeto string puesto \n
2024-03-06 16:43:03	DEBUG	Valor de objeto string puesto \n
2024-03-06 16:43:03	DEBUG	Valor de objeto string puesto \n
2024-03-06 16:43:03	DEBUG	Valor de objeto string puesto \n
2024-03-06 16:43:03	DEBUG	Valor de objeto string puesto \n
2024-03-06 16:43:03	DEBUG	Valor de objeto string puesto \n
2024-03-06 16:43:03	INFO	Guardado objeto con id: \n
2024-03-06 16:43:03	NOTICE	Valor de objeto obtenido \n
2024-03-06 16:43:03	NOTICE	Valor de objeto obtenido \n
2024-03-06 16:43:03	NOTICE	Valor de objeto obtenido \n
2024-03-06 16:43:03	NOTICE	Valor de objeto obtenido \n
2024-03-06 16:43:03	NOTICE	Valor de objeto obtenido \n
2024-03-06 16:43:03	NOTICE	Valor de objeto obtenido \n
2024-03-06 16:43:03	NOTICE	Valor de objeto obtenido \n
2024-03-06 16:43:03	NOTICE	Valor de objeto obtenido \n
2024-03-06 16:43:03	NOTICE	Valor de objeto obtenido \n
2024-03-06 16:43:03	NOTICE	Valor de objeto obtenido \n
2024-03-06 16:43:03	NOTICE	Valor de objeto obtenido \n
2024-03-06 16:43:03	NOTICE	Valor de objeto obtenido \n
2024-03-06 16:43:03	NOTICE	Valor de objeto obtenido \n
2024-03-06 16:43:03	NOTICE	Valor de objeto obtenido \n
2024-03-06 16:43:03	NOTICE	Valor de objeto obtenido \n
2024-03-06 16:43:03	NOTICE	Valor de objeto obtenido \n
2024-03-06 16:43:03	NOTICE	Valor de objeto obtenido \n
2024-03-06 16:43:03	NOTICE	Valor de objeto obtenido \n
2024-03-06 16:43:03	NOTICE	Valor de objeto obtenido \n
2024-03-06 16:43:03	NOTICE	Valor de objeto obtenido \n
2024-03-06 16:43:03	NOTICE	Valor de objeto obtenido \n
2024-03-06 16:43:03	NOTICE	Valor de objeto obtenido \n
2024-03-06 16:43:03	NOTICE	Valor de objeto obtenido \n
2024-03-06 16:43:03	NOTICE	Valor de objeto obtenido \n
2024-03-06 16:43:03	NOTICE	Valor de objeto obtenido \n
2024-03-06 16:43:03	NOTICE	Valor de objeto obtenido \n
2024-03-06 16:43:03	NOTICE	Valor de objeto obtenido \n
2024-03-06 16:43:03	NOTICE	Valor de objeto obtenido \n
2024-03-06 16:43:03	NOTICE	Valor de objeto obtenido \n
2024-03-06 16:43:03	NOTICE	Valor de objeto obtenido \n
2024-03-06 16:43:03	NOTICE	Valor de objeto obtenido \n
2024-03-06 16:43:03	NOTICE	Valor de objeto obtenido \n
2024-03-06 16:43:03	NOTICE	Valor de objeto obtenido \n
2024-03-06 16:43:03	NOTICE	Valor de objeto obtenido \n
2024-03-06 16:43:03	NOTICE	Valor de objeto obtenido \n
2024-03-06 16:43:03	NOTICE	Valor de objeto obtenido \n
2024-03-06 16:43:03	NOTICE	Valor de objeto obtenido \n
2024-03-06 16:43:03	NOTICE	Valor de objeto obtenido \n
2024-03-06 16:43:03	NOTICE	Valor de objeto obtenido \n
2024-03-06 16:43:03	NOTICE	Valor de objeto obtenido \n
2024-03-06 16:43:03	NOTICE	Valor de objeto obtenido \n
2024-03-06 16:43:03	NOTICE	Valor de objeto obtenido \n
2024-03-06 16:43:03	NOTICE	Valor de objeto obtenido \n
2024-03-06 16:43:03	NOTICE	Valor de objeto obtenido \n
2024-03-06 16:43:03	NOTICE	Valor de objeto obtenido \n
2024-03-06 16:43:03	NOTICE	Valor de objeto obtenido \n
2024-03-06 16:43:03	NOTICE	Valor de objeto obtenido \n
2024-03-06 16:43:03	NOTICE	Valor de objeto obtenido \n
2024-03-06 16:43:03	NOTICE	Valor de objeto obtenido \n
2024-03-06 16:43:03	DEBUG	Valor de objeto string puesto \n
2024-03-06 16:43:03	NOTICE	Valor de objeto obtenido \n
2024-03-06 16:43:03	DEBUG	Valor de objeto string puesto \n
2024-03-06 16:43:03	NOTICE	Valor de objeto obtenido \n
2024-03-06 16:43:03	DEBUG	Valor de objeto string puesto \n
2024-03-06 16:43:03	NOTICE	Valor de objeto obtenido \n
2024-03-06 16:43:03	DEBUG	Valor de objeto string puesto \n
2024-03-06 16:43:03	NOTICE	Valor de objeto obtenido \n
2024-03-06 16:43:03	DEBUG	Valor de objeto string puesto \n
2024-03-06 16:43:03	NOTICE	Valor de objeto obtenido \n
2024-03-06 16:43:03	DEBUG	Valor de objeto string puesto \n
2024-03-06 16:43:03	NOTICE	Valor de objeto obtenido \n
2024-03-06 16:43:04	DEBUG	Valor de objeto string puesto \n
2024-03-06 16:43:04	NOTICE	Valor de objeto obtenido \n
2024-03-06 16:43:04	DEBUG	Valor de objeto string puesto \n
2024-03-06 16:43:04	NOTICE	Valor de objeto obtenido \n
2024-03-06 16:43:04	DEBUG	Valor de objeto string puesto \n
2024-03-06 16:43:04	INFO	Guardado objeto con id: 53\n
2024-03-06 16:43:04	DEBUG	Valor de objeto string puesto \n
2024-03-06 16:43:04	DEBUG	Valor de objeto string puesto \n
2024-03-06 16:43:04	DEBUG	Valor de objeto string puesto \n
2024-03-06 16:43:04	DEBUG	Valor de objeto string puesto \n
2024-03-06 16:43:04	DEBUG	Valor de objeto string puesto \n
2024-03-06 16:43:04	DEBUG	Valor de objeto string puesto \n
2024-03-06 16:43:04	DEBUG	Valor de objeto string puesto \n
2024-03-06 16:43:04	DEBUG	Valor de objeto string puesto \n
2024-03-06 16:43:04	DEBUG	Valor de objeto string puesto \n
2024-03-06 16:43:04	INFO	Guardado objeto con id: 54\n
2024-03-06 16:43:04	DEBUG	Valor de objeto string puesto \n
2024-03-06 16:43:04	DEBUG	Valor de objeto string puesto \n
2024-03-06 16:43:04	DEBUG	Valor de objeto string puesto \n
2024-03-06 16:43:04	DEBUG	Valor de objeto string puesto \n
2024-03-06 16:43:04	DEBUG	Valor de objeto string puesto \n
2024-03-06 16:43:04	DEBUG	Valor de objeto string puesto \n
2024-03-06 16:43:04	DEBUG	Valor de objeto string puesto \n
2024-03-06 16:43:04	DEBUG	Valor de objeto string puesto \n
2024-03-06 16:43:04	DEBUG	Valor de objeto string puesto \n
2024-03-06 16:43:04	INFO	Guardado objeto con id: 55\n
2024-03-06 16:43:04	NOTICE	Valor de objeto obtenido \n
2024-03-06 16:43:04	NOTICE	Valor de objeto obtenido \n
2024-03-06 16:43:04	NOTICE	Valor de objeto obtenido \n
2024-03-06 16:43:04	NOTICE	Valor de objeto obtenido \n
2024-03-06 16:43:04	NOTICE	Valor de objeto obtenido \n
2024-03-06 16:43:04	NOTICE	Valor de objeto obtenido \n
2024-03-06 16:43:04	NOTICE	Valor de objeto obtenido \n
2024-03-06 16:43:04	NOTICE	Valor de objeto obtenido \n
2024-03-06 16:43:04	NOTICE	Valor de objeto obtenido \n
2024-03-06 16:43:04	NOTICE	Valor de objeto obtenido \n
2024-03-06 16:43:04	NOTICE	Valor de objeto obtenido \n
2024-03-06 16:43:04	NOTICE	Valor de objeto obtenido \n
2024-03-06 16:43:04	NOTICE	Valor de objeto obtenido \n
2024-03-06 16:43:04	NOTICE	Valor de objeto obtenido \n
2024-03-06 16:43:04	NOTICE	Valor de objeto obtenido \n
2024-03-06 16:43:04	NOTICE	Valor de objeto obtenido \n
2024-03-06 16:43:04	NOTICE	Valor de objeto obtenido \n
2024-03-06 16:43:04	NOTICE	Valor de objeto obtenido \n
2024-03-06 16:43:04	NOTICE	Valor de objeto obtenido \n
2024-03-06 16:43:04	NOTICE	Valor de objeto obtenido \n
2024-03-06 16:43:04	NOTICE	Valor de objeto obtenido \n
2024-03-06 16:43:04	NOTICE	Valor de objeto obtenido \n
2024-03-06 16:43:04	NOTICE	Valor de objeto obtenido \n
2024-03-06 16:43:04	NOTICE	Valor de objeto obtenido \n
2024-03-06 16:43:04	NOTICE	Valor de objeto obtenido \n
2024-03-06 16:43:04	NOTICE	Valor de objeto obtenido \n
2024-03-06 16:43:04	NOTICE	Valor de objeto obtenido \n
2024-03-06 16:43:04	NOTICE	Valor de objeto obtenido \n
2024-03-06 16:43:04	NOTICE	Valor de objeto obtenido \n
2024-03-06 16:43:04	NOTICE	Valor de objeto obtenido \n
2024-03-06 16:43:04	NOTICE	Valor de objeto obtenido \n
2024-03-06 16:43:04	NOTICE	Valor de objeto obtenido \n
2024-03-06 16:43:04	NOTICE	Valor de objeto obtenido \n
2024-03-06 16:43:04	INFO	Marcado objeto para borrar \n
2024-03-06 16:43:04	CRITICAL	Eliminado objeto con id: 53\n
2024-03-06 16:43:04	INFO	Marcado objeto para borrar \n
2024-03-06 16:43:04	CRITICAL	Eliminado objeto con id: 54\n
2024-03-06 16:43:04	INFO	Marcado objeto para borrar \n
2024-03-06 16:43:04	CRITICAL	Eliminado objeto con id: 55\n
